<?xml version="1.0" encoding="UTF-8"?>
<!-- Generated by org.testng.reporters.JUnitXMLReporter -->
<testsuite hostname="LAPTOP-6P4CQ5M9" ignored="0" name="Default test" tests="3" failures="0" timestamp="01 Nov 2018 02:30:07 GMT" time="5.042" errors="0">
  <testcase name="testResponseCode" time="2.86" classname="com.qa.restassured.GetData"/>
  <testcase name="testBody" time="1.292" classname="com.qa.restassured.GetData"/>
  <testcase name="testBodyText" time="0.853" classname="com.qa.restassured.GetData"/>
</testsuite> <!-- Default test -->
